<?xml version="1.0" encoding="UTF-8"?>
<!-- Generated by org.testng.reporters.JUnitReportReporter -->
<testsuite hostname="IND-MAC-0JKLVCG.local" failures="0" tests="1" name="testcases.ValidateCheckout" time="7.385" errors="0" timestamp="28 Sep 2021 10:59:18 GMT" skipped="0">
  <testcase classname="testcases.ValidateCheckout" name="checkout" time="7.385"/>
</testsuite> <!-- testcases.ValidateCheckout -->
